<?xml version="1.0" encoding="UTF-8"?>
<!-- Generated by org.testng.reporters.JUnitReportReporter -->
<testsuite hostname="DESKTOP-EVK9GMC" failures="0" tests="1" name="testng.Testcase3" time="13.541" errors="0" timestamp="2021-01-06T09:13:32 IST" skipped="0">
  <testcase classname="testng.Testcase3" name="page" time="13.541"/>
</testsuite> <!-- testng.Testcase3 -->
