<?xml version="1.0" encoding="UTF-8"?>
<!-- Generated by org.testng.reporters.JUnitReportReporter -->
<testsuite hostname="DESKTOP-EVK9GMC" failures="0" tests="1" name="testng.Testcase1" time="8.035" errors="0" timestamp="2021-01-06T09:11:31 IST" skipped="0">
  <testcase classname="testng.Testcase1" name="login" time="8.035"/>
</testsuite> <!-- testng.Testcase1 -->
