<?xml version="1.0" encoding="UTF-8"?>
<!-- Generated by org.testng.reporters.JUnitReportReporter -->
<testsuite hostname="DESKTOP-EVK9GMC" failures="0" tests="6" name="testng.Test1" time="0.077" errors="0" timestamp="2021-01-05T09:34:46 IST" skipped="1">
  <testcase classname="testng.Test1" name="calls" time="0.038"/>
  <testcase classname="testng.Test1" name="calls" time="0.003"/>
  <testcase classname="testng.Test1" name="calls" time="0.023"/>
  <testcase classname="testng.Test1" name="chats" time="0.010"/>
  <testcase classname="testng.Test1" name="calls" time="0.003"/>
  <testcase classname="testng.Test1" name="block">
    <skipped/>
  </testcase> <!-- block -->
</testsuite> <!-- testng.Test1 -->
