<?xml version="1.0" encoding="UTF-8"?>
<!-- Generated by org.testng.reporters.JUnitReportReporter -->
<testsuite hostname="DESKTOP-EVK9GMC" failures="0" tests="1" name="testng.Test0" time="0.021" errors="0" timestamp="2021-01-05T09:22:08 IST" skipped="0">
  <testcase classname="testng.Test0" name="demo" time="0.021"/>
</testsuite> <!-- testng.Test0 -->
