<?xml version="1.0" encoding="UTF-8"?>
<!-- Generated by org.testng.reporters.JUnitReportReporter -->
<testsuite hostname="DESKTOP-EVK9GMC" failures="0" tests="1" name="testng.ParallelExecution" time="28.540" errors="0" timestamp="2021-01-06T09:32:16 IST" skipped="0">
  <testcase classname="testng.ParallelExecution" name="login" time="28.540"/>
</testsuite> <!-- testng.ParallelExecution -->
